   1              		.syntax unified
   2              		.cpu cortex-m3
   3              		.fpu softvfp
   4              		.eabi_attribute 20, 1
   5              		.eabi_attribute 21, 1
   6              		.eabi_attribute 23, 3
   7              		.eabi_attribute 24, 1
   8              		.eabi_attribute 25, 1
   9              		.eabi_attribute 26, 1
  10              		.eabi_attribute 30, 6
  11              		.eabi_attribute 18, 4
  12              		.thumb
  13              		.file	"state_machine.cpp"
  21              	.Ltext0:
  22              		.cfi_sections	.debug_frame
  23              		.section	.text._ZN13State_MachineD1Ev,"axG",%progbits,_ZN13State_MachineD1Ev,comdat
  24              		.align	2
  25              		.weak	_ZN13State_MachineD1Ev
  26              		.thumb
  27              		.thumb_func
  29              	_ZN13State_MachineD1Ev:
  30              	.LFB2:
  31              		.file 1 "..//utils/state_machine/state_machine.h"
   1:..//utils/state_machine/state_machine.h **** #ifndef __STATE_MACHINE_H__
   2:..//utils/state_machine/state_machine.h **** #define __STATE_MACHINE_H__
   3:..//utils/state_machine/state_machine.h **** 
   4:..//utils/state_machine/state_machine.h **** #define SM_START 1
   5:..//utils/state_machine/state_machine.h **** #define SM_STOP 0
   6:..//utils/state_machine/state_machine.h **** 
   7:..//utils/state_machine/state_machine.h **** #define SM_OPERATION_AUTO			0
   8:..//utils/state_machine/state_machine.h **** #define SM_OPERATION_MANUAL			1
   9:..//utils/state_machine/state_machine.h **** 
  10:..//utils/state_machine/state_machine.h **** /*Return codes for state machines...*/
  11:..//utils/state_machine/state_machine.h **** enum SM_RET{
  12:..//utils/state_machine/state_machine.h **** 	SM_RESET = 0,
  13:..//utils/state_machine/state_machine.h **** 	SM_STARTED = 1,
  14:..//utils/state_machine/state_machine.h **** 	SM_DONE = 2,
  15:..//utils/state_machine/state_machine.h **** 	SM_ERROR = -1,
  16:..//utils/state_machine/state_machine.h **** 	SM_ABORTED = 3,
  17:..//utils/state_machine/state_machine.h **** };
  18:..//utils/state_machine/state_machine.h **** 
  19:..//utils/state_machine/state_machine.h **** #define SM_STATE_RESET	0
  20:..//utils/state_machine/state_machine.h **** 
  21:..//utils/state_machine/state_machine.h **** class State_Machine{
  22:..//utils/state_machine/state_machine.h **** 	public:
  23:..//utils/state_machine/state_machine.h **** 	volatile int state;
  24:..//utils/state_machine/state_machine.h **** 	volatile int flag_start;
  25:..//utils/state_machine/state_machine.h **** 	
  26:..//utils/state_machine/state_machine.h **** 	// volatile int pause_cur_state;
  27:..//utils/state_machine/state_machine.h **** 	// volatile int pause_next_state;
  28:..//utils/state_machine/state_machine.h **** 	volatile int manual_flag;
  29:..//utils/state_machine/state_machine.h **** 	volatile int paused;
  30:..//utils/state_machine/state_machine.h **** 	
  31:..//utils/state_machine/state_machine.h **** 	State_Machine(void);
  32:..//utils/state_machine/state_machine.h **** 	State_Machine (int s); // consructor which calls the state machine..
  33:..//utils/state_machine/state_machine.h **** 	int next_state(void);    	// incremen state by 1
  34:..//utils/state_machine/state_machine.h **** 	int next_state(int s);  // set nex state to value state..
  35:..//utils/state_machine/state_machine.h **** 	
  36:..//utils/state_machine/state_machine.h **** 	// virtual functions return -1
  37:..//utils/state_machine/state_machine.h **** 	virtual int update(void);
  38:..//utils/state_machine/state_machine.h **** 	
  39:..//utils/state_machine/state_machine.h **** 	// mealy machine with input...
  40:..//utils/state_machine/state_machine.h **** 	virtual int update(int);
  41:..//utils/state_machine/state_machine.h **** 	
  42:..//utils/state_machine/state_machine.h **** 	virtual int reset(void);
  43:..//utils/state_machine/state_machine.h **** 	
  44:..//utils/state_machine/state_machine.h **** 	// this function returns 1 if state machine is started...
  45:..//utils/state_machine/state_machine.h **** 	virtual int SM_started();
  46:..//utils/state_machine/state_machine.h **** 	
  47:..//utils/state_machine/state_machine.h **** 	virtual int SM_start();
  48:..//utils/state_machine/state_machine.h **** 	virtual int SM_stop();
  49:..//utils/state_machine/state_machine.h **** 	
  50:..//utils/state_machine/state_machine.h **** 	// This will pause the state machine if manual is enabled..
  51:..//utils/state_machine/state_machine.h **** 	// it will return if the machine has paused or not..
  52:..//utils/state_machine/state_machine.h **** 	//virtual int SM_pause(void);
  53:..//utils/state_machine/state_machine.h **** 	
  54:..//utils/state_machine/state_machine.h **** 	virtual int SM_pause(int input);
  55:..//utils/state_machine/state_machine.h **** 	
  56:..//utils/state_machine/state_machine.h **** 	// this should be called in the pause state of the state machine...
  57:..//utils/state_machine/state_machine.h **** 	// this will take an input and if input is 1 it will release from pause to the next state...
  58:..//utils/state_machine/state_machine.h **** 	//virtual int SM_pause_update(int input);
  59:..//utils/state_machine/state_machine.h **** 	
  60:..//utils/state_machine/state_machine.h **** 	
  61:..//utils/state_machine/state_machine.h **** 	virtual ~State_Machine(void){};
  32              		.loc 1 61 0
  33              		.cfi_startproc
  34              		@ args = 0, pretend = 0, frame = 8
  35              		@ frame_needed = 1, uses_anonymous_args = 0
  36 0000 80B5     		push	{r7, lr}
  37              	.LCFI0:
  38              		.cfi_def_cfa_offset 8
  39 0002 82B0     		sub	sp, sp, #8
  40              	.LCFI1:
  41              		.cfi_def_cfa_offset 16
  42 0004 00AF     		add	r7, sp, #0
  43              		.cfi_offset 14, -4
  44              		.cfi_offset 7, -8
  45              	.LCFI2:
  46              		.cfi_def_cfa_register 7
  47 0006 7860     		str	r0, [r7, #4]
  48              		.loc 1 61 0
  49 0008 7B68     		ldr	r3, [r7, #4]
  50 000a 094A     		ldr	r2, .L5
  51 000c 1A60     		str	r2, [r3, #0]
  52 000e 4FF00003 		mov	r3, #0
  53 0012 DBB2     		uxtb	r3, r3
  54 0014 002B     		cmp	r3, #0
  55 0016 05D0     		beq	.L3
  56 0018 7868     		ldr	r0, [r7, #4]
  57 001a 40F20003 		movw	r3, #:lower16:_ZdlPv
  58 001e C0F20003 		movt	r3, #:upper16:_ZdlPv
  59 0022 9847     		blx	r3
  60              	.L3:
  61 0024 7B68     		ldr	r3, [r7, #4]
  62 0026 1846     		mov	r0, r3
  63 0028 07F10807 		add	r7, r7, #8
  64 002c BD46     		mov	sp, r7
  65 002e 80BD     		pop	{r7, pc}
  66              	.L6:
  67              		.align	2
  68              	.L5:
  69 0030 08000000 		.word	_ZTV13State_Machine+8
  70              		.cfi_endproc
  71              	.LFE2:
  73              		.section	.text._ZN13State_MachineD0Ev,"axG",%progbits,_ZN13State_MachineD0Ev,comdat
  74              		.align	2
  75              		.weak	_ZN13State_MachineD0Ev
  76              		.thumb
  77              		.thumb_func
  79              	_ZN13State_MachineD0Ev:
  80              	.LFB3:
  81              		.loc 1 61 0
  82              		.cfi_startproc
  83              		@ args = 0, pretend = 0, frame = 8
  84              		@ frame_needed = 1, uses_anonymous_args = 0
  85 0000 80B5     		push	{r7, lr}
  86              	.LCFI3:
  87              		.cfi_def_cfa_offset 8
  88 0002 82B0     		sub	sp, sp, #8
  89              	.LCFI4:
  90              		.cfi_def_cfa_offset 16
  91 0004 00AF     		add	r7, sp, #0
  92              		.cfi_offset 14, -4
  93              		.cfi_offset 7, -8
  94              	.LCFI5:
  95              		.cfi_def_cfa_register 7
  96 0006 7860     		str	r0, [r7, #4]
  97              		.loc 1 61 0
  98 0008 7B68     		ldr	r3, [r7, #4]
  99 000a 094A     		ldr	r2, .L11
 100 000c 1A60     		str	r2, [r3, #0]
 101 000e 4FF00103 		mov	r3, #1
 102 0012 DBB2     		uxtb	r3, r3
 103 0014 002B     		cmp	r3, #0
 104 0016 05D0     		beq	.L9
 105 0018 7868     		ldr	r0, [r7, #4]
 106 001a 40F20003 		movw	r3, #:lower16:_ZdlPv
 107 001e C0F20003 		movt	r3, #:upper16:_ZdlPv
 108 0022 9847     		blx	r3
 109              	.L9:
 110 0024 7B68     		ldr	r3, [r7, #4]
 111 0026 1846     		mov	r0, r3
 112 0028 07F10807 		add	r7, r7, #8
 113 002c BD46     		mov	sp, r7
 114 002e 80BD     		pop	{r7, pc}
 115              	.L12:
 116              		.align	2
 117              	.L11:
 118 0030 08000000 		.word	_ZTV13State_Machine+8
 119              		.cfi_endproc
 120              	.LFE3:
 122              		.section	.text._ZN13State_MachineC2Ev,"ax",%progbits
 123              		.align	2
 124              		.global	_ZN13State_MachineC2Ev
 125              		.thumb
 126              		.thumb_func
 128              	_ZN13State_MachineC2Ev:
 129              	.LFB5:
 130              		.file 2 "..//utils/state_machine/state_machine.cpp"
   1:..//utils/state_machine/state_machine.cpp **** #include <stdio.h>
   2:..//utils/state_machine/state_machine.cpp **** 
   3:..//utils/state_machine/state_machine.cpp **** #include "state_machine.h"
   4:..//utils/state_machine/state_machine.cpp **** 
   5:..//utils/state_machine/state_machine.cpp **** State_Machine::State_Machine(void){
 131              		.loc 2 5 0
 132              		.cfi_startproc
 133              		@ args = 0, pretend = 0, frame = 8
 134              		@ frame_needed = 1, uses_anonymous_args = 0
 135              		@ link register save eliminated.
 136 0000 80B4     		push	{r7}
 137              	.LCFI6:
 138              		.cfi_def_cfa_offset 4
 139 0002 83B0     		sub	sp, sp, #12
 140              	.LCFI7:
 141              		.cfi_def_cfa_offset 16
 142 0004 00AF     		add	r7, sp, #0
 143              		.cfi_offset 7, -4
 144              	.LCFI8:
 145              		.cfi_def_cfa_register 7
 146 0006 7860     		str	r0, [r7, #4]
 147              		.loc 2 5 0
 148 0008 7B68     		ldr	r3, [r7, #4]
 149 000a 0A4A     		ldr	r2, .L16
 150 000c 1A60     		str	r2, [r3, #0]
   6:..//utils/state_machine/state_machine.cpp **** 	state = 0;
 151              		.loc 2 6 0
 152 000e 7B68     		ldr	r3, [r7, #4]
 153 0010 4FF00002 		mov	r2, #0
 154 0014 5A60     		str	r2, [r3, #4]
   7:..//utils/state_machine/state_machine.cpp **** 	flag_start = 0;
 155              		.loc 2 7 0
 156 0016 7B68     		ldr	r3, [r7, #4]
 157 0018 4FF00002 		mov	r2, #0
 158 001c 9A60     		str	r2, [r3, #8]
   8:..//utils/state_machine/state_machine.cpp **** 	manual_flag = SM_OPERATION_AUTO;
 159              		.loc 2 8 0
 160 001e 7B68     		ldr	r3, [r7, #4]
 161 0020 4FF00002 		mov	r2, #0
 162 0024 DA60     		str	r2, [r3, #12]
   9:..//utils/state_machine/state_machine.cpp **** }
 163              		.loc 2 9 0
 164 0026 7B68     		ldr	r3, [r7, #4]
 165 0028 1846     		mov	r0, r3
 166 002a 07F10C07 		add	r7, r7, #12
 167 002e BD46     		mov	sp, r7
 168 0030 80BC     		pop	{r7}
 169 0032 7047     		bx	lr
 170              	.L17:
 171              		.align	2
 172              	.L16:
 173 0034 08000000 		.word	_ZTV13State_Machine+8
 174              		.cfi_endproc
 175              	.LFE5:
 177              		.section	.text._ZN13State_MachineC1Ev,"ax",%progbits
 178              		.align	2
 179              		.global	_ZN13State_MachineC1Ev
 180              		.thumb
 181              		.thumb_func
 183              	_ZN13State_MachineC1Ev:
 184              	.LFB6:
 185              		.loc 2 5 0
 186              		.cfi_startproc
 187              		@ args = 0, pretend = 0, frame = 8
 188              		@ frame_needed = 1, uses_anonymous_args = 0
 189              		@ link register save eliminated.
 190 0000 80B4     		push	{r7}
 191              	.LCFI9:
 192              		.cfi_def_cfa_offset 4
 193 0002 83B0     		sub	sp, sp, #12
 194              	.LCFI10:
 195              		.cfi_def_cfa_offset 16
 196 0004 00AF     		add	r7, sp, #0
 197              		.cfi_offset 7, -4
 198              	.LCFI11:
 199              		.cfi_def_cfa_register 7
 200 0006 7860     		str	r0, [r7, #4]
 201              		.loc 2 5 0
 202 0008 7B68     		ldr	r3, [r7, #4]
 203 000a 0A4A     		ldr	r2, .L21
 204 000c 1A60     		str	r2, [r3, #0]
 205              		.loc 2 6 0
 206 000e 7B68     		ldr	r3, [r7, #4]
 207 0010 4FF00002 		mov	r2, #0
 208 0014 5A60     		str	r2, [r3, #4]
 209              		.loc 2 7 0
 210 0016 7B68     		ldr	r3, [r7, #4]
 211 0018 4FF00002 		mov	r2, #0
 212 001c 9A60     		str	r2, [r3, #8]
 213              		.loc 2 8 0
 214 001e 7B68     		ldr	r3, [r7, #4]
 215 0020 4FF00002 		mov	r2, #0
 216 0024 DA60     		str	r2, [r3, #12]
 217              		.loc 2 9 0
 218 0026 7B68     		ldr	r3, [r7, #4]
 219 0028 1846     		mov	r0, r3
 220 002a 07F10C07 		add	r7, r7, #12
 221 002e BD46     		mov	sp, r7
 222 0030 80BC     		pop	{r7}
 223 0032 7047     		bx	lr
 224              	.L22:
 225              		.align	2
 226              	.L21:
 227 0034 08000000 		.word	_ZTV13State_Machine+8
 228              		.cfi_endproc
 229              	.LFE6:
 231              		.section	.text._ZN13State_MachineC2Ei,"ax",%progbits
 232              		.align	2
 233              		.global	_ZN13State_MachineC2Ei
 234              		.thumb
 235              		.thumb_func
 237              	_ZN13State_MachineC2Ei:
 238              	.LFB8:
  10:..//utils/state_machine/state_machine.cpp **** 
  11:..//utils/state_machine/state_machine.cpp **** State_Machine::State_Machine(int s){
 239              		.loc 2 11 0
 240              		.cfi_startproc
 241              		@ args = 0, pretend = 0, frame = 8
 242              		@ frame_needed = 1, uses_anonymous_args = 0
 243              		@ link register save eliminated.
 244 0000 80B4     		push	{r7}
 245              	.LCFI12:
 246              		.cfi_def_cfa_offset 4
 247 0002 83B0     		sub	sp, sp, #12
 248              	.LCFI13:
 249              		.cfi_def_cfa_offset 16
 250 0004 00AF     		add	r7, sp, #0
 251              		.cfi_offset 7, -4
 252              	.LCFI14:
 253              		.cfi_def_cfa_register 7
 254 0006 7860     		str	r0, [r7, #4]
 255 0008 3960     		str	r1, [r7, #0]
 256              		.loc 2 11 0
 257 000a 7B68     		ldr	r3, [r7, #4]
 258 000c 094A     		ldr	r2, .L26
 259 000e 1A60     		str	r2, [r3, #0]
  12:..//utils/state_machine/state_machine.cpp **** 	state = s;
 260              		.loc 2 12 0
 261 0010 7B68     		ldr	r3, [r7, #4]
 262 0012 3A68     		ldr	r2, [r7, #0]
 263 0014 5A60     		str	r2, [r3, #4]
  13:..//utils/state_machine/state_machine.cpp **** 	flag_start = 0;
 264              		.loc 2 13 0
 265 0016 7B68     		ldr	r3, [r7, #4]
 266 0018 4FF00002 		mov	r2, #0
 267 001c 9A60     		str	r2, [r3, #8]
  14:..//utils/state_machine/state_machine.cpp **** 	manual_flag = SM_OPERATION_AUTO;
 268              		.loc 2 14 0
 269 001e 7B68     		ldr	r3, [r7, #4]
 270 0020 4FF00002 		mov	r2, #0
 271 0024 DA60     		str	r2, [r3, #12]
  15:..//utils/state_machine/state_machine.cpp **** }
 272              		.loc 2 15 0
 273 0026 7B68     		ldr	r3, [r7, #4]
 274 0028 1846     		mov	r0, r3
 275 002a 07F10C07 		add	r7, r7, #12
 276 002e BD46     		mov	sp, r7
 277 0030 80BC     		pop	{r7}
 278 0032 7047     		bx	lr
 279              	.L27:
 280              		.align	2
 281              	.L26:
 282 0034 08000000 		.word	_ZTV13State_Machine+8
 283              		.cfi_endproc
 284              	.LFE8:
 286              		.section	.text._ZN13State_MachineC1Ei,"ax",%progbits
 287              		.align	2
 288              		.global	_ZN13State_MachineC1Ei
 289              		.thumb
 290              		.thumb_func
 292              	_ZN13State_MachineC1Ei:
 293              	.LFB9:
 294              		.loc 2 11 0
 295              		.cfi_startproc
 296              		@ args = 0, pretend = 0, frame = 8
 297              		@ frame_needed = 1, uses_anonymous_args = 0
 298              		@ link register save eliminated.
 299 0000 80B4     		push	{r7}
 300              	.LCFI15:
 301              		.cfi_def_cfa_offset 4
 302 0002 83B0     		sub	sp, sp, #12
 303              	.LCFI16:
 304              		.cfi_def_cfa_offset 16
 305 0004 00AF     		add	r7, sp, #0
 306              		.cfi_offset 7, -4
 307              	.LCFI17:
 308              		.cfi_def_cfa_register 7
 309 0006 7860     		str	r0, [r7, #4]
 310 0008 3960     		str	r1, [r7, #0]
 311              		.loc 2 11 0
 312 000a 7B68     		ldr	r3, [r7, #4]
 313 000c 094A     		ldr	r2, .L31
 314 000e 1A60     		str	r2, [r3, #0]
 315              		.loc 2 12 0
 316 0010 7B68     		ldr	r3, [r7, #4]
 317 0012 3A68     		ldr	r2, [r7, #0]
 318 0014 5A60     		str	r2, [r3, #4]
 319              		.loc 2 13 0
 320 0016 7B68     		ldr	r3, [r7, #4]
 321 0018 4FF00002 		mov	r2, #0
 322 001c 9A60     		str	r2, [r3, #8]
 323              		.loc 2 14 0
 324 001e 7B68     		ldr	r3, [r7, #4]
 325 0020 4FF00002 		mov	r2, #0
 326 0024 DA60     		str	r2, [r3, #12]
 327              		.loc 2 15 0
 328 0026 7B68     		ldr	r3, [r7, #4]
 329 0028 1846     		mov	r0, r3
 330 002a 07F10C07 		add	r7, r7, #12
 331 002e BD46     		mov	sp, r7
 332 0030 80BC     		pop	{r7}
 333 0032 7047     		bx	lr
 334              	.L32:
 335              		.align	2
 336              	.L31:
 337 0034 08000000 		.word	_ZTV13State_Machine+8
 338              		.cfi_endproc
 339              	.LFE9:
 341              		.section	.text._ZN13State_Machine10next_stateEv,"ax",%progbits
 342              		.align	2
 343              		.global	_ZN13State_Machine10next_stateEv
 344              		.thumb
 345              		.thumb_func
 347              	_ZN13State_Machine10next_stateEv:
 348              	.LFB10:
  16:..//utils/state_machine/state_machine.cpp **** 
  17:..//utils/state_machine/state_machine.cpp **** int State_Machine::next_state(void){
 349              		.loc 2 17 0
 350              		.cfi_startproc
 351              		@ args = 0, pretend = 0, frame = 8
 352              		@ frame_needed = 1, uses_anonymous_args = 0
 353              		@ link register save eliminated.
 354 0000 80B4     		push	{r7}
 355              	.LCFI18:
 356              		.cfi_def_cfa_offset 4
 357 0002 83B0     		sub	sp, sp, #12
 358              	.LCFI19:
 359              		.cfi_def_cfa_offset 16
 360 0004 00AF     		add	r7, sp, #0
 361              		.cfi_offset 7, -4
 362              	.LCFI20:
 363              		.cfi_def_cfa_register 7
 364 0006 7860     		str	r0, [r7, #4]
  18:..//utils/state_machine/state_machine.cpp **** 	return state++;
 365              		.loc 2 18 0
 366 0008 7B68     		ldr	r3, [r7, #4]
 367 000a 5B68     		ldr	r3, [r3, #4]
 368 000c 1A46     		mov	r2, r3
 369 000e 03F10101 		add	r1, r3, #1
 370 0012 7B68     		ldr	r3, [r7, #4]
 371 0014 5960     		str	r1, [r3, #4]
 372 0016 1346     		mov	r3, r2
  19:..//utils/state_machine/state_machine.cpp **** }
 373              		.loc 2 19 0
 374 0018 1846     		mov	r0, r3
 375 001a 07F10C07 		add	r7, r7, #12
 376 001e BD46     		mov	sp, r7
 377 0020 80BC     		pop	{r7}
 378 0022 7047     		bx	lr
 379              		.cfi_endproc
 380              	.LFE10:
 382              		.section	.text._ZN13State_Machine10next_stateEi,"ax",%progbits
 383              		.align	2
 384              		.global	_ZN13State_Machine10next_stateEi
 385              		.thumb
 386              		.thumb_func
 388              	_ZN13State_Machine10next_stateEi:
 389              	.LFB11:
  20:..//utils/state_machine/state_machine.cpp **** 
  21:..//utils/state_machine/state_machine.cpp **** int State_Machine::next_state(int s){
 390              		.loc 2 21 0
 391              		.cfi_startproc
 392              		@ args = 0, pretend = 0, frame = 8
 393              		@ frame_needed = 1, uses_anonymous_args = 0
 394              		@ link register save eliminated.
 395 0000 80B4     		push	{r7}
 396              	.LCFI21:
 397              		.cfi_def_cfa_offset 4
 398 0002 83B0     		sub	sp, sp, #12
 399              	.LCFI22:
 400              		.cfi_def_cfa_offset 16
 401 0004 00AF     		add	r7, sp, #0
 402              		.cfi_offset 7, -4
 403              	.LCFI23:
 404              		.cfi_def_cfa_register 7
 405 0006 7860     		str	r0, [r7, #4]
 406 0008 3960     		str	r1, [r7, #0]
  22:..//utils/state_machine/state_machine.cpp **** 	state = s;
 407              		.loc 2 22 0
 408 000a 7B68     		ldr	r3, [r7, #4]
 409 000c 3A68     		ldr	r2, [r7, #0]
 410 000e 5A60     		str	r2, [r3, #4]
  23:..//utils/state_machine/state_machine.cpp **** 	return state;
 411              		.loc 2 23 0
 412 0010 7B68     		ldr	r3, [r7, #4]
 413 0012 5B68     		ldr	r3, [r3, #4]
  24:..//utils/state_machine/state_machine.cpp **** }
 414              		.loc 2 24 0
 415 0014 1846     		mov	r0, r3
 416 0016 07F10C07 		add	r7, r7, #12
 417 001a BD46     		mov	sp, r7
 418 001c 80BC     		pop	{r7}
 419 001e 7047     		bx	lr
 420              		.cfi_endproc
 421              	.LFE11:
 423              		.section	.text._ZN13State_Machine6updateEv,"ax",%progbits
 424              		.align	2
 425              		.global	_ZN13State_Machine6updateEv
 426              		.thumb
 427              		.thumb_func
 429              	_ZN13State_Machine6updateEv:
 430              	.LFB12:
  25:..//utils/state_machine/state_machine.cpp **** 
  26:..//utils/state_machine/state_machine.cpp **** int State_Machine::update(void) { 
 431              		.loc 2 26 0
 432              		.cfi_startproc
 433              		@ args = 0, pretend = 0, frame = 8
 434              		@ frame_needed = 1, uses_anonymous_args = 0
 435              		@ link register save eliminated.
 436 0000 80B4     		push	{r7}
 437              	.LCFI24:
 438              		.cfi_def_cfa_offset 4
 439 0002 83B0     		sub	sp, sp, #12
 440              	.LCFI25:
 441              		.cfi_def_cfa_offset 16
 442 0004 00AF     		add	r7, sp, #0
 443              		.cfi_offset 7, -4
 444              	.LCFI26:
 445              		.cfi_def_cfa_register 7
 446 0006 7860     		str	r0, [r7, #4]
  27:..//utils/state_machine/state_machine.cpp **** 	return -1;
 447              		.loc 2 27 0
 448 0008 4FF0FF33 		mov	r3, #-1
  28:..//utils/state_machine/state_machine.cpp **** };
 449              		.loc 2 28 0
 450 000c 1846     		mov	r0, r3
 451 000e 07F10C07 		add	r7, r7, #12
 452 0012 BD46     		mov	sp, r7
 453 0014 80BC     		pop	{r7}
 454 0016 7047     		bx	lr
 455              		.cfi_endproc
 456              	.LFE12:
 458              		.section	.text._ZN13State_Machine6updateEi,"ax",%progbits
 459              		.align	2
 460              		.global	_ZN13State_Machine6updateEi
 461              		.thumb
 462              		.thumb_func
 464              	_ZN13State_Machine6updateEi:
 465              	.LFB13:
  29:..//utils/state_machine/state_machine.cpp **** 
  30:..//utils/state_machine/state_machine.cpp **** int State_Machine::update(int){
 466              		.loc 2 30 0
 467              		.cfi_startproc
 468              		@ args = 0, pretend = 0, frame = 8
 469              		@ frame_needed = 1, uses_anonymous_args = 0
 470              		@ link register save eliminated.
 471 0000 80B4     		push	{r7}
 472              	.LCFI27:
 473              		.cfi_def_cfa_offset 4
 474 0002 83B0     		sub	sp, sp, #12
 475              	.LCFI28:
 476              		.cfi_def_cfa_offset 16
 477 0004 00AF     		add	r7, sp, #0
 478              		.cfi_offset 7, -4
 479              	.LCFI29:
 480              		.cfi_def_cfa_register 7
 481 0006 7860     		str	r0, [r7, #4]
 482 0008 3960     		str	r1, [r7, #0]
  31:..//utils/state_machine/state_machine.cpp **** 	return -1;
 483              		.loc 2 31 0
 484 000a 4FF0FF33 		mov	r3, #-1
  32:..//utils/state_machine/state_machine.cpp **** }
 485              		.loc 2 32 0
 486 000e 1846     		mov	r0, r3
 487 0010 07F10C07 		add	r7, r7, #12
 488 0014 BD46     		mov	sp, r7
 489 0016 80BC     		pop	{r7}
 490 0018 7047     		bx	lr
 491              		.cfi_endproc
 492              	.LFE13:
 494 001a 00BF     		.section	.text._ZN13State_Machine5resetEv,"ax",%progbits
 495              		.align	2
 496              		.global	_ZN13State_Machine5resetEv
 497              		.thumb
 498              		.thumb_func
 500              	_ZN13State_Machine5resetEv:
 501              	.LFB14:
  33:..//utils/state_machine/state_machine.cpp **** 
  34:..//utils/state_machine/state_machine.cpp **** int State_Machine::reset(void) {
 502              		.loc 2 34 0
 503              		.cfi_startproc
 504              		@ args = 0, pretend = 0, frame = 8
 505              		@ frame_needed = 1, uses_anonymous_args = 0
 506              		@ link register save eliminated.
 507 0000 80B4     		push	{r7}
 508              	.LCFI30:
 509              		.cfi_def_cfa_offset 4
 510 0002 83B0     		sub	sp, sp, #12
 511              	.LCFI31:
 512              		.cfi_def_cfa_offset 16
 513 0004 00AF     		add	r7, sp, #0
 514              		.cfi_offset 7, -4
 515              	.LCFI32:
 516              		.cfi_def_cfa_register 7
 517 0006 7860     		str	r0, [r7, #4]
  35:..//utils/state_machine/state_machine.cpp **** 	state = 0;
 518              		.loc 2 35 0
 519 0008 7B68     		ldr	r3, [r7, #4]
 520 000a 4FF00002 		mov	r2, #0
 521 000e 5A60     		str	r2, [r3, #4]
  36:..//utils/state_machine/state_machine.cpp **** 	flag_start = 0;
 522              		.loc 2 36 0
 523 0010 7B68     		ldr	r3, [r7, #4]
 524 0012 4FF00002 		mov	r2, #0
 525 0016 9A60     		str	r2, [r3, #8]
  37:..//utils/state_machine/state_machine.cpp **** 	return -1;
 526              		.loc 2 37 0
 527 0018 4FF0FF33 		mov	r3, #-1
  38:..//utils/state_machine/state_machine.cpp **** };
 528              		.loc 2 38 0
 529 001c 1846     		mov	r0, r3
 530 001e 07F10C07 		add	r7, r7, #12
 531 0022 BD46     		mov	sp, r7
 532 0024 80BC     		pop	{r7}
 533 0026 7047     		bx	lr
 534              		.cfi_endproc
 535              	.LFE14:
 537              		.section	.text._ZN13State_Machine10SM_startedEv,"ax",%progbits
 538              		.align	2
 539              		.global	_ZN13State_Machine10SM_startedEv
 540              		.thumb
 541              		.thumb_func
 543              	_ZN13State_Machine10SM_startedEv:
 544              	.LFB15:
  39:..//utils/state_machine/state_machine.cpp **** 
  40:..//utils/state_machine/state_machine.cpp **** int State_Machine::SM_started(){
 545              		.loc 2 40 0
 546              		.cfi_startproc
 547              		@ args = 0, pretend = 0, frame = 8
 548              		@ frame_needed = 1, uses_anonymous_args = 0
 549              		@ link register save eliminated.
 550 0000 80B4     		push	{r7}
 551              	.LCFI33:
 552              		.cfi_def_cfa_offset 4
 553 0002 83B0     		sub	sp, sp, #12
 554              	.LCFI34:
 555              		.cfi_def_cfa_offset 16
 556 0004 00AF     		add	r7, sp, #0
 557              		.cfi_offset 7, -4
 558              	.LCFI35:
 559              		.cfi_def_cfa_register 7
 560 0006 7860     		str	r0, [r7, #4]
  41:..//utils/state_machine/state_machine.cpp **** 	return flag_start;
 561              		.loc 2 41 0
 562 0008 7B68     		ldr	r3, [r7, #4]
 563 000a 9B68     		ldr	r3, [r3, #8]
  42:..//utils/state_machine/state_machine.cpp **** }
 564              		.loc 2 42 0
 565 000c 1846     		mov	r0, r3
 566 000e 07F10C07 		add	r7, r7, #12
 567 0012 BD46     		mov	sp, r7
 568 0014 80BC     		pop	{r7}
 569 0016 7047     		bx	lr
 570              		.cfi_endproc
 571              	.LFE15:
 573              		.section	.text._ZN13State_Machine8SM_startEv,"ax",%progbits
 574              		.align	2
 575              		.global	_ZN13State_Machine8SM_startEv
 576              		.thumb
 577              		.thumb_func
 579              	_ZN13State_Machine8SM_startEv:
 580              	.LFB16:
  43:..//utils/state_machine/state_machine.cpp **** 
  44:..//utils/state_machine/state_machine.cpp **** int State_Machine::SM_start(){
 581              		.loc 2 44 0
 582              		.cfi_startproc
 583              		@ args = 0, pretend = 0, frame = 8
 584              		@ frame_needed = 1, uses_anonymous_args = 0
 585              		@ link register save eliminated.
 586 0000 80B4     		push	{r7}
 587              	.LCFI36:
 588              		.cfi_def_cfa_offset 4
 589 0002 83B0     		sub	sp, sp, #12
 590              	.LCFI37:
 591              		.cfi_def_cfa_offset 16
 592 0004 00AF     		add	r7, sp, #0
 593              		.cfi_offset 7, -4
 594              	.LCFI38:
 595              		.cfi_def_cfa_register 7
 596 0006 7860     		str	r0, [r7, #4]
  45:..//utils/state_machine/state_machine.cpp **** 	flag_start = SM_START;
 597              		.loc 2 45 0
 598 0008 7B68     		ldr	r3, [r7, #4]
 599 000a 4FF00102 		mov	r2, #1
 600 000e 9A60     		str	r2, [r3, #8]
  46:..//utils/state_machine/state_machine.cpp **** 	return flag_start;
 601              		.loc 2 46 0
 602 0010 7B68     		ldr	r3, [r7, #4]
 603 0012 9B68     		ldr	r3, [r3, #8]
  47:..//utils/state_machine/state_machine.cpp **** }
 604              		.loc 2 47 0
 605 0014 1846     		mov	r0, r3
 606 0016 07F10C07 		add	r7, r7, #12
 607 001a BD46     		mov	sp, r7
 608 001c 80BC     		pop	{r7}
 609 001e 7047     		bx	lr
 610              		.cfi_endproc
 611              	.LFE16:
 613              		.section	.text._ZN13State_Machine7SM_stopEv,"ax",%progbits
 614              		.align	2
 615              		.global	_ZN13State_Machine7SM_stopEv
 616              		.thumb
 617              		.thumb_func
 619              	_ZN13State_Machine7SM_stopEv:
 620              	.LFB17:
  48:..//utils/state_machine/state_machine.cpp **** 
  49:..//utils/state_machine/state_machine.cpp **** int State_Machine::SM_stop(){
 621              		.loc 2 49 0
 622              		.cfi_startproc
 623              		@ args = 0, pretend = 0, frame = 8
 624              		@ frame_needed = 1, uses_anonymous_args = 0
 625              		@ link register save eliminated.
 626 0000 80B4     		push	{r7}
 627              	.LCFI39:
 628              		.cfi_def_cfa_offset 4
 629 0002 83B0     		sub	sp, sp, #12
 630              	.LCFI40:
 631              		.cfi_def_cfa_offset 16
 632 0004 00AF     		add	r7, sp, #0
 633              		.cfi_offset 7, -4
 634              	.LCFI41:
 635              		.cfi_def_cfa_register 7
 636 0006 7860     		str	r0, [r7, #4]
  50:..//utils/state_machine/state_machine.cpp **** 	state = 0;
 637              		.loc 2 50 0
 638 0008 7B68     		ldr	r3, [r7, #4]
 639 000a 4FF00002 		mov	r2, #0
 640 000e 5A60     		str	r2, [r3, #4]
  51:..//utils/state_machine/state_machine.cpp **** 	flag_start = SM_STOP;
 641              		.loc 2 51 0
 642 0010 7B68     		ldr	r3, [r7, #4]
 643 0012 4FF00002 		mov	r2, #0
 644 0016 9A60     		str	r2, [r3, #8]
  52:..//utils/state_machine/state_machine.cpp **** 	return flag_start;
 645              		.loc 2 52 0
 646 0018 7B68     		ldr	r3, [r7, #4]
 647 001a 9B68     		ldr	r3, [r3, #8]
  53:..//utils/state_machine/state_machine.cpp **** }
 648              		.loc 2 53 0
 649 001c 1846     		mov	r0, r3
 650 001e 07F10C07 		add	r7, r7, #12
 651 0022 BD46     		mov	sp, r7
 652 0024 80BC     		pop	{r7}
 653 0026 7047     		bx	lr
 654              		.cfi_endproc
 655              	.LFE17:
 657              		.section	.text._ZN13State_Machine8SM_pauseEi,"ax",%progbits
 658              		.align	2
 659              		.global	_ZN13State_Machine8SM_pauseEi
 660              		.thumb
 661              		.thumb_func
 663              	_ZN13State_Machine8SM_pauseEi:
 664              	.LFB18:
  54:..//utils/state_machine/state_machine.cpp **** /*
  55:..//utils/state_machine/state_machine.cpp **** int State_Machine::SM_pause(int nextState){
  56:..//utils/state_machine/state_machine.cpp **** 	if (manual_flag == SM_OPERATION_MANUAL){
  57:..//utils/state_machine/state_machine.cpp **** 		pause_cur_state = state;
  58:..//utils/state_machine/state_machine.cpp **** 		pause_next_state = nextState;
  59:..//utils/state_machine/state_machine.cpp **** 		next_state(SM_STATE_PAUSE);
  60:..//utils/state_machine/state_machine.cpp **** 	}
  61:..//utils/state_machine/state_machine.cpp **** 	return manual_flag;
  62:..//utils/state_machine/state_machine.cpp **** }
  63:..//utils/state_machine/state_machine.cpp **** */
  64:..//utils/state_machine/state_machine.cpp **** /************************
  65:..//utils/state_machine/state_machine.cpp **** this will pause the state machine..
  66:..//utils/state_machine/state_machine.cpp **** ************************/
  67:..//utils/state_machine/state_machine.cpp **** int State_Machine::SM_pause(int input){
 665              		.loc 2 67 0
 666              		.cfi_startproc
 667              		@ args = 0, pretend = 0, frame = 8
 668              		@ frame_needed = 1, uses_anonymous_args = 0
 669              		@ link register save eliminated.
 670 0000 80B4     		push	{r7}
 671              	.LCFI42:
 672              		.cfi_def_cfa_offset 4
 673 0002 83B0     		sub	sp, sp, #12
 674              	.LCFI43:
 675              		.cfi_def_cfa_offset 16
 676 0004 00AF     		add	r7, sp, #0
 677              		.cfi_offset 7, -4
 678              	.LCFI44:
 679              		.cfi_def_cfa_register 7
 680 0006 7860     		str	r0, [r7, #4]
 681 0008 3960     		str	r1, [r7, #0]
  68:..//utils/state_machine/state_machine.cpp **** 	if (!paused){
 682              		.loc 2 68 0
 683 000a 7B68     		ldr	r3, [r7, #4]
 684 000c 1B69     		ldr	r3, [r3, #16]
 685 000e 002B     		cmp	r3, #0
 686 0010 14BF     		ite	ne
 687 0012 0023     		movne	r3, #0
 688 0014 0123     		moveq	r3, #1
 689 0016 DBB2     		uxtb	r3, r3
 690 0018 002B     		cmp	r3, #0
 691 001a 0DD0     		beq	.L50
  69:..//utils/state_machine/state_machine.cpp **** 		if (manual_flag == SM_OPERATION_MANUAL){
 692              		.loc 2 69 0
 693 001c 7B68     		ldr	r3, [r7, #4]
 694 001e DB68     		ldr	r3, [r3, #12]
 695 0020 012B     		cmp	r3, #1
 696 0022 14BF     		ite	ne
 697 0024 0023     		movne	r3, #0
 698 0026 0123     		moveq	r3, #1
 699 0028 DBB2     		uxtb	r3, r3
 700 002a 002B     		cmp	r3, #0
 701 002c 0CD0     		beq	.L54
  70:..//utils/state_machine/state_machine.cpp **** 			paused = 1;
 702              		.loc 2 70 0
 703 002e 7B68     		ldr	r3, [r7, #4]
 704 0030 4FF00102 		mov	r2, #1
 705 0034 1A61     		str	r2, [r3, #16]
 706 0036 08E0     		b	.L52
 707              	.L50:
  71:..//utils/state_machine/state_machine.cpp **** 		}
  72:..//utils/state_machine/state_machine.cpp **** 	}else { // wea re paused...
  73:..//utils/state_machine/state_machine.cpp **** 		if (input){ // get out of pause state
 708              		.loc 2 73 0
 709 0038 3B68     		ldr	r3, [r7, #0]
 710 003a 002B     		cmp	r3, #0
 711 003c 05D0     		beq	.L52
  74:..//utils/state_machine/state_machine.cpp **** 			paused = 0;
 712              		.loc 2 74 0
 713 003e 7B68     		ldr	r3, [r7, #4]
 714 0040 4FF00002 		mov	r2, #0
 715 0044 1A61     		str	r2, [r3, #16]
 716 0046 00E0     		b	.L52
 717              	.L54:
 718              		.loc 2 70 0
 719 0048 00BF     		nop
 720              	.L52:
  75:..//utils/state_machine/state_machine.cpp **** 		}
  76:..//utils/state_machine/state_machine.cpp **** 	}
  77:..//utils/state_machine/state_machine.cpp **** 	return paused;
 721              		.loc 2 77 0
 722 004a 7B68     		ldr	r3, [r7, #4]
 723 004c 1B69     		ldr	r3, [r3, #16]
  78:..//utils/state_machine/state_machine.cpp **** }
 724              		.loc 2 78 0
 725 004e 1846     		mov	r0, r3
 726 0050 07F10C07 		add	r7, r7, #12
 727 0054 BD46     		mov	sp, r7
 728 0056 80BC     		pop	{r7}
 729 0058 7047     		bx	lr
 730              		.cfi_endproc
 731              	.LFE18:
 733              		.global	_ZTV13State_Machine
 734 005a 00BF     		.section	.rodata._ZTV13State_Machine,"a",%progbits
 735              		.align	3
 738              	_ZTV13State_Machine:
 739 0000 00000000 		.word	0
 740 0004 00000000 		.word	0
 741 0008 00000000 		.word	_ZN13State_Machine6updateEv
 742 000c 00000000 		.word	_ZN13State_Machine6updateEi
 743 0010 00000000 		.word	_ZN13State_Machine5resetEv
 744 0014 00000000 		.word	_ZN13State_Machine10SM_startedEv
 745 0018 00000000 		.word	_ZN13State_Machine8SM_startEv
 746 001c 00000000 		.word	_ZN13State_Machine7SM_stopEv
 747 0020 00000000 		.word	_ZN13State_Machine8SM_pauseEi
 748 0024 00000000 		.word	_ZN13State_MachineD1Ev
 749 0028 00000000 		.word	_ZN13State_MachineD0Ev
 750 002c 00000000 		.text
 751              	.Letext0:
DEFINED SYMBOLS
                            *ABS*:00000000 state_machine.cpp
C:\Users\ACURAP~1\AppData\Local\Temp\ccygij4b.s:24     .text._ZN13State_MachineD1Ev:00000000 $t
C:\Users\ACURAP~1\AppData\Local\Temp\ccygij4b.s:29     .text._ZN13State_MachineD1Ev:00000000 _ZN13State_MachineD1Ev
C:\Users\ACURAP~1\AppData\Local\Temp\ccygij4b.s:69     .text._ZN13State_MachineD1Ev:00000030 $d
C:\Users\ACURAP~1\AppData\Local\Temp\ccygij4b.s:738    .rodata._ZTV13State_Machine:00000000 _ZTV13State_Machine
C:\Users\ACURAP~1\AppData\Local\Temp\ccygij4b.s:74     .text._ZN13State_MachineD0Ev:00000000 $t
C:\Users\ACURAP~1\AppData\Local\Temp\ccygij4b.s:79     .text._ZN13State_MachineD0Ev:00000000 _ZN13State_MachineD0Ev
C:\Users\ACURAP~1\AppData\Local\Temp\ccygij4b.s:118    .text._ZN13State_MachineD0Ev:00000030 $d
C:\Users\ACURAP~1\AppData\Local\Temp\ccygij4b.s:123    .text._ZN13State_MachineC2Ev:00000000 $t
C:\Users\ACURAP~1\AppData\Local\Temp\ccygij4b.s:128    .text._ZN13State_MachineC2Ev:00000000 _ZN13State_MachineC2Ev
C:\Users\ACURAP~1\AppData\Local\Temp\ccygij4b.s:173    .text._ZN13State_MachineC2Ev:00000034 $d
C:\Users\ACURAP~1\AppData\Local\Temp\ccygij4b.s:178    .text._ZN13State_MachineC1Ev:00000000 $t
C:\Users\ACURAP~1\AppData\Local\Temp\ccygij4b.s:183    .text._ZN13State_MachineC1Ev:00000000 _ZN13State_MachineC1Ev
C:\Users\ACURAP~1\AppData\Local\Temp\ccygij4b.s:227    .text._ZN13State_MachineC1Ev:00000034 $d
C:\Users\ACURAP~1\AppData\Local\Temp\ccygij4b.s:232    .text._ZN13State_MachineC2Ei:00000000 $t
C:\Users\ACURAP~1\AppData\Local\Temp\ccygij4b.s:237    .text._ZN13State_MachineC2Ei:00000000 _ZN13State_MachineC2Ei
C:\Users\ACURAP~1\AppData\Local\Temp\ccygij4b.s:282    .text._ZN13State_MachineC2Ei:00000034 $d
C:\Users\ACURAP~1\AppData\Local\Temp\ccygij4b.s:287    .text._ZN13State_MachineC1Ei:00000000 $t
C:\Users\ACURAP~1\AppData\Local\Temp\ccygij4b.s:292    .text._ZN13State_MachineC1Ei:00000000 _ZN13State_MachineC1Ei
C:\Users\ACURAP~1\AppData\Local\Temp\ccygij4b.s:337    .text._ZN13State_MachineC1Ei:00000034 $d
C:\Users\ACURAP~1\AppData\Local\Temp\ccygij4b.s:342    .text._ZN13State_Machine10next_stateEv:00000000 $t
C:\Users\ACURAP~1\AppData\Local\Temp\ccygij4b.s:347    .text._ZN13State_Machine10next_stateEv:00000000 _ZN13State_Machine10next_stateEv
C:\Users\ACURAP~1\AppData\Local\Temp\ccygij4b.s:383    .text._ZN13State_Machine10next_stateEi:00000000 $t
C:\Users\ACURAP~1\AppData\Local\Temp\ccygij4b.s:388    .text._ZN13State_Machine10next_stateEi:00000000 _ZN13State_Machine10next_stateEi
C:\Users\ACURAP~1\AppData\Local\Temp\ccygij4b.s:424    .text._ZN13State_Machine6updateEv:00000000 $t
C:\Users\ACURAP~1\AppData\Local\Temp\ccygij4b.s:429    .text._ZN13State_Machine6updateEv:00000000 _ZN13State_Machine6updateEv
C:\Users\ACURAP~1\AppData\Local\Temp\ccygij4b.s:459    .text._ZN13State_Machine6updateEi:00000000 $t
C:\Users\ACURAP~1\AppData\Local\Temp\ccygij4b.s:464    .text._ZN13State_Machine6updateEi:00000000 _ZN13State_Machine6updateEi
C:\Users\ACURAP~1\AppData\Local\Temp\ccygij4b.s:495    .text._ZN13State_Machine5resetEv:00000000 $t
C:\Users\ACURAP~1\AppData\Local\Temp\ccygij4b.s:500    .text._ZN13State_Machine5resetEv:00000000 _ZN13State_Machine5resetEv
C:\Users\ACURAP~1\AppData\Local\Temp\ccygij4b.s:538    .text._ZN13State_Machine10SM_startedEv:00000000 $t
C:\Users\ACURAP~1\AppData\Local\Temp\ccygij4b.s:543    .text._ZN13State_Machine10SM_startedEv:00000000 _ZN13State_Machine10SM_startedEv
C:\Users\ACURAP~1\AppData\Local\Temp\ccygij4b.s:574    .text._ZN13State_Machine8SM_startEv:00000000 $t
C:\Users\ACURAP~1\AppData\Local\Temp\ccygij4b.s:579    .text._ZN13State_Machine8SM_startEv:00000000 _ZN13State_Machine8SM_startEv
C:\Users\ACURAP~1\AppData\Local\Temp\ccygij4b.s:614    .text._ZN13State_Machine7SM_stopEv:00000000 $t
C:\Users\ACURAP~1\AppData\Local\Temp\ccygij4b.s:619    .text._ZN13State_Machine7SM_stopEv:00000000 _ZN13State_Machine7SM_stopEv
C:\Users\ACURAP~1\AppData\Local\Temp\ccygij4b.s:658    .text._ZN13State_Machine8SM_pauseEi:00000000 $t
C:\Users\ACURAP~1\AppData\Local\Temp\ccygij4b.s:663    .text._ZN13State_Machine8SM_pauseEi:00000000 _ZN13State_Machine8SM_pauseEi
C:\Users\ACURAP~1\AppData\Local\Temp\ccygij4b.s:735    .rodata._ZTV13State_Machine:00000000 $d
                     .debug_frame:00000010 $d

UNDEFINED SYMBOLS
_ZdlPv
